<?xml version="1.0" encoding="UTF-8"?>
<!-- Generated by org.testng.reporters.JUnitReportReporter -->
<testsuite hostname="Bidve-HHQ2QL3" failures="0" tests="3" name="runner.PlayListRunner" time="3.947" errors="0" timestamp="2024-07-15T12:50:00 IST" skipped="0">
  <testcase classname="runner.PlayListRunner" name="runScenario" time="2.410"/>
  <system-out/>
  <testcase classname="runner.PlayListRunner" name="runScenario" time="0.908"/>
  <system-out/>
  <testcase classname="runner.PlayListRunner" name="runScenario" time="0.629"/>
  <system-out/>
</testsuite> <!-- runner.PlayListRunner -->
